This is pdfTeX, Version 3.14159265-2.6-1.40.21 (TeX Live 2020) (preloaded format=pdflatex 2021.1.1)  20 JAN 2021 15:15
entering extended mode
 restricted \write18 enabled.
 file:line:error style messages enabled.
 %&-line parsing enabled.
**Frank_cv.tex
(./Frank_cv.tex
LaTeX2e <2020-10-01> patch level 2
L3 programming layer <2020-12-07> xparse <2020-03-03>
(/opt/texlive/texdir/texmf-dist/tex/latex/extsizes/extarticle.cls
Document Class: extarticle 1996/10/08 v1.0 Non Standard LaTeX document class
(/opt/texlive/texdir/texmf-dist/tex/latex/extsizes/size8.clo
File: size8.clo 1999/11/11 v1.4a NON-Standard LaTeX file (size option)
)
(/opt/texlive/texdir/texmf-dist/tex/latex/base/exscale.sty
Package: exscale 2018/09/24 v2.1i Standard LaTeX package exscale
LaTeX Font Info:    Redeclaring symbol font `largesymbols' on input line 57.
LaTeX Font Info:    Overwriting symbol font `largesymbols' in version `normal'
(Font)                  OMX/cmex/m/n --> OMX/cmex/m/n on input line 57.
LaTeX Font Info:    Overwriting symbol font `largesymbols' in version `bold'
(Font)                  OMX/cmex/m/n --> OMX/cmex/m/n on input line 57.
\big@size=\dimen138
)
\c@part=\count177
\c@section=\count178
\c@subsection=\count179
\c@subsubsection=\count180
\c@paragraph=\count181
\c@subparagraph=\count182
\c@figure=\count183
\c@table=\count184
\abovecaptionskip=\skip47
\belowcaptionskip=\skip48
\bibindent=\dimen139
)
(/opt/texlive/texdir/texmf-dist/tex/latex/geometry/geometry.sty
Package: geometry 2020/01/02 v5.9 Page Geometry

(/opt/texlive/texdir/texmf-dist/tex/latex/graphics/keyval.sty
Package: keyval 2014/10/28 v1.15 key=value parser (DPC)
\KV@toks@=\toks15
)
(/opt/texlive/texdir/texmf-dist/tex/generic/iftex/ifvtex.sty
Package: ifvtex 2019/10/25 v1.7 ifvtex legacy package. Use iftex instead.

(/opt/texlive/texdir/texmf-dist/tex/generic/iftex/iftex.sty
Package: iftex 2020/03/06 v1.0d TeX engine tests
))
\Gm@cnth=\count185
\Gm@cntv=\count186
\c@Gm@tempcnt=\count187
\Gm@bindingoffset=\dimen140
\Gm@wd@mp=\dimen141
\Gm@odd@mp=\dimen142
\Gm@even@mp=\dimen143
\Gm@layoutwidth=\dimen144
\Gm@layoutheight=\dimen145
\Gm@layouthoffset=\dimen146
\Gm@layoutvoffset=\dimen147
\Gm@dimlist=\toks16
)
(/opt/texlive/texdir/texmf-dist/tex/latex/bigfoot/suffix.sty
Package: suffix 2006/07/15 1.5a Variant command support
)
(/opt/texlive/texdir/texmf-dist/tex/latex/xifthen/xifthen.sty
Package: xifthen 2015/11/05 v1.4.0 Extended ifthen features

(/opt/texlive/texdir/texmf-dist/tex/latex/tools/calc.sty
Package: calc 2017/05/25 v4.3 Infix arithmetic (KKT,FJ)
\calc@Acount=\count188
\calc@Bcount=\count189
\calc@Adimen=\dimen148
\calc@Bdimen=\dimen149
\calc@Askip=\skip49
\calc@Bskip=\skip50
LaTeX Info: Redefining \setlength on input line 80.
LaTeX Info: Redefining \addtolength on input line 81.
\calc@Ccount=\count190
\calc@Cskip=\skip51
)
(/opt/texlive/texdir/texmf-dist/tex/latex/base/ifthen.sty
Package: ifthen 2014/09/29 v1.1c Standard LaTeX ifthen package (DPC)
)
(/opt/texlive/texdir/texmf-dist/tex/latex/ifmtarg/ifmtarg.sty
Package: ifmtarg 2018/04/16 v1.2b check for an empty argument
))
(/opt/texlive/texdir/texmf-dist/tex/latex/fira/FiraSans.sty
Package: FiraSans 2019/10/10 (Bob Tennent and autoinst) Style file for Fira San
s fonts.

(/opt/texlive/texdir/texmf-dist/tex/generic/iftex/ifxetex.sty
Package: ifxetex 2019/10/25 v0.7 ifxetex legacy package. Use iftex instead.
)
(/opt/texlive/texdir/texmf-dist/tex/generic/iftex/ifluatex.sty
Package: ifluatex 2019/10/25 v1.5 ifluatex legacy package. Use iftex instead.
)
(/opt/texlive/texdir/texmf-dist/tex/latex/xkeyval/xkeyval.sty
Package: xkeyval 2020/11/20 v2.8 package option processing (HA)

(/opt/texlive/texdir/texmf-dist/tex/generic/xkeyval/xkeyval.tex
(/opt/texlive/texdir/texmf-dist/tex/generic/xkeyval/xkvutils.tex
\XKV@toks=\toks17
\XKV@tempa@toks=\toks18
)
\XKV@depth=\count191
File: xkeyval.tex 2014/12/03 v2.7a key=value parser (HA)
))
(/opt/texlive/texdir/texmf-dist/tex/latex/base/textcomp.sty
Package: textcomp 2020/02/02 v2.0n Standard LaTeX package
)
(/opt/texlive/texdir/texmf-dist/tex/latex/fontaxes/fontaxes.sty
Package: fontaxes 2020/07/21 v1.0e Font selection axes
LaTeX Info: Redefining \upshape on input line 29.
LaTeX Info: Redefining \itshape on input line 31.
LaTeX Info: Redefining \slshape on input line 33.
LaTeX Info: Redefining \swshape on input line 35.
LaTeX Info: Redefining \scshape on input line 37.
LaTeX Info: Redefining \sscshape on input line 39.
LaTeX Info: Redefining \ulcshape on input line 41.
LaTeX Info: Redefining \textsw on input line 47.
LaTeX Info: Redefining \textssc on input line 48.
LaTeX Info: Redefining \textulc on input line 49.
))
(/opt/texlive/texdir/texmf-dist/tex/latex/base/fontenc.sty
Package: fontenc 2020/08/10 v2.0s Standard LaTeX package
LaTeX Font Info:    Trying to load font information for T1+FiraSans-OsF on inpu
t line 112.

(/opt/texlive/texdir/texmf-dist/tex/latex/fira/T1FiraSans-OsF.fd
File: T1FiraSans-OsF.fd 2019/10/10 (autoinst) Font definitions for T1/FiraSans-
OsF.
)
LaTeX Font Info:    Font shape `T1/FiraSans-OsF/m/n' in size <8> not available
(Font)              Font shape `T1/FiraSans-OsF/regular/n' tried instead on inp
ut line 112.
LaTeX Font Info:    Font shape `T1/FiraSans-OsF/regular/n' will be
(Font)              scaled to size 8.0pt on input line 112.
)
(/opt/texlive/texdir/texmf-dist/tex/latex/hyperref/hyperref.sty
Package: hyperref 2020-05-15 v7.00e Hypertext links for LaTeX

(/opt/texlive/texdir/texmf-dist/tex/generic/ltxcmds/ltxcmds.sty
Package: ltxcmds 2020-05-10 v1.25 LaTeX kernel commands for general use (HO)
)
(/opt/texlive/texdir/texmf-dist/tex/generic/pdftexcmds/pdftexcmds.sty
Package: pdftexcmds 2020-06-27 v0.33 Utility functions of pdfTeX for LuaTeX (HO
)

(/opt/texlive/texdir/texmf-dist/tex/generic/infwarerr/infwarerr.sty
Package: infwarerr 2019/12/03 v1.5 Providing info/warning/error messages (HO)
)
Package pdftexcmds Info: \pdf@primitive is available.
Package pdftexcmds Info: \pdf@ifprimitive is available.
Package pdftexcmds Info: \pdfdraftmode found.
)
(/opt/texlive/texdir/texmf-dist/tex/generic/kvsetkeys/kvsetkeys.sty
Package: kvsetkeys 2019/12/15 v1.18 Key value parser (HO)
)
(/opt/texlive/texdir/texmf-dist/tex/generic/kvdefinekeys/kvdefinekeys.sty
Package: kvdefinekeys 2019-12-19 v1.6 Define keys (HO)
)
(/opt/texlive/texdir/texmf-dist/tex/generic/pdfescape/pdfescape.sty
Package: pdfescape 2019/12/09 v1.15 Implements pdfTeX's escape features (HO)
)
(/opt/texlive/texdir/texmf-dist/tex/latex/hycolor/hycolor.sty
Package: hycolor 2020-01-27 v1.10 Color options for hyperref/bookmark (HO)
)
(/opt/texlive/texdir/texmf-dist/tex/latex/letltxmacro/letltxmacro.sty
Package: letltxmacro 2019/12/03 v1.6 Let assignment for LaTeX macros (HO)
)
(/opt/texlive/texdir/texmf-dist/tex/latex/auxhook/auxhook.sty
Package: auxhook 2019-12-17 v1.6 Hooks for auxiliary files (HO)
)
(/opt/texlive/texdir/texmf-dist/tex/latex/kvoptions/kvoptions.sty
Package: kvoptions 2020-10-07 v3.14 Key value format for package options (HO)
)
\@linkdim=\dimen150
\Hy@linkcounter=\count192
\Hy@pagecounter=\count193

(/opt/texlive/texdir/texmf-dist/tex/latex/hyperref/pd1enc.def
File: pd1enc.def 2020-05-15 v7.00e Hyperref: PDFDocEncoding definition (HO)
Now handling font encoding PD1 ...
... no UTF-8 mapping file for font encoding PD1
)
(/opt/texlive/texdir/texmf-dist/tex/generic/intcalc/intcalc.sty
Package: intcalc 2019/12/15 v1.3 Expandable calculations with integers (HO)
)
(/opt/texlive/texdir/texmf-dist/tex/generic/etexcmds/etexcmds.sty
Package: etexcmds 2019/12/15 v1.7 Avoid name clashes with e-TeX commands (HO)
)
\Hy@SavedSpaceFactor=\count194


Package hyperref Warning: Token not allowed in a PDF string (PDFDocEncoding):
(hyperref)                removing `\T1\textendash' on input line 4338.

Package hyperref Info: Hyper figures OFF on input line 4464.
Package hyperref Info: Link nesting OFF on input line 4469.
Package hyperref Info: Hyper index ON on input line 4472.
Package hyperref Info: Plain pages OFF on input line 4479.
Package hyperref Info: Backreferencing OFF on input line 4484.
Package hyperref Info: Implicit mode ON; LaTeX internals redefined.
Package hyperref Info: Bookmarks ON on input line 4717.
\c@Hy@tempcnt=\count195
(/opt/texlive/texdir/texmf-dist/tex/latex/url/url.sty
\Urlmuskip=\muskip16
Package: url 2013/09/16  ver 3.4  Verb mode for urls, etc.
)
LaTeX Info: Redefining \url on input line 5076.
\XeTeXLinkMargin=\dimen151

(/opt/texlive/texdir/texmf-dist/tex/generic/bitset/bitset.sty
Package: bitset 2019/12/09 v1.3 Handle bit-vector datatype (HO)

(/opt/texlive/texdir/texmf-dist/tex/generic/bigintcalc/bigintcalc.sty
Package: bigintcalc 2019/12/15 v1.5 Expandable calculations on big integers (HO
)
))
\Fld@menulength=\count196
\Field@Width=\dimen152
\Fld@charsize=\dimen153
Package hyperref Info: Hyper figures OFF on input line 6347.
Package hyperref Info: Link nesting OFF on input line 6352.
Package hyperref Info: Hyper index ON on input line 6355.
Package hyperref Info: backreferencing OFF on input line 6362.
Package hyperref Info: Link coloring OFF on input line 6367.
Package hyperref Info: Link coloring with OCG OFF on input line 6372.
Package hyperref Info: PDF/A mode OFF on input line 6377.
LaTeX Info: Redefining \ref on input line 6417.
LaTeX Info: Redefining \pageref on input line 6421.

(/opt/texlive/texdir/texmf-dist/tex/latex/base/atbegshi-ltx.sty
Package: atbegshi-ltx 2020/08/17 v1.0a Emulation of the original atbegshi packa
ge
with kernel methods
)
\Hy@abspage=\count197
\c@Item=\count198
\c@Hfootnote=\count199
)
Package hyperref Info: Driver: hpdftex.

(/opt/texlive/texdir/texmf-dist/tex/latex/hyperref/hpdftex.def
File: hpdftex.def 2020-05-15 v7.00e Hyperref driver for pdfTeX

(/opt/texlive/texdir/texmf-dist/tex/latex/base/atveryend-ltx.sty
Package: atveryend-ltx 2020/08/19 v1.0a Emulation of the original atvery packag
e
with kernel methods
)
\Fld@listcount=\count266
\c@bookmark@seq@number=\count267

(/opt/texlive/texdir/texmf-dist/tex/latex/rerunfilecheck/rerunfilecheck.sty
Package: rerunfilecheck 2019/12/05 v1.9 Rerun checks for auxiliary files (HO)

(/opt/texlive/texdir/texmf-dist/tex/generic/uniquecounter/uniquecounter.sty
Package: uniquecounter 2019/12/15 v1.4 Provide unlimited unique counter (HO)
)
Package uniquecounter Info: New unique counter `rerunfilecheck' on input line 2
86.
)
\Hy@SectionHShift=\skip52
)
(/opt/texlive/texdir/texmf-dist/tex/latex/fontawesome/fontawesome.sty
Package: fontawesome 2016/05/15 v4.6.3.1 font awesome icons

(/opt/texlive/texdir/texmf-dist/tex/latex/fontawesome/fontawesomesymbols-generi
c.tex)
(/opt/texlive/texdir/texmf-dist/tex/latex/fontawesome/fontawesomesymbols-pdftex
.tex)) (/opt/texlive/texdir/texmf-dist/tex/latex/l3packages/xparse/xparse.sty
(/opt/texlive/texdir/texmf-dist/tex/latex/l3kernel/expl3.sty
Package: expl3 2020-12-07 L3 programming layer (loader) 

(/opt/texlive/texdir/texmf-dist/tex/latex/l3backend/l3backend-pdftex.def
File: l3backend-pdftex.def 2020-09-24 L3 backend support: PDF output (pdfTeX)
\l__kernel_color_stack_int=\count268
\l__pdf_internal_box=\box47
))
Package: xparse 2020-10-27 L3 Experimental document command parser

(/opt/texlive/texdir/texmf-dist/tex/latex/l3packages/xparse/xparse-generic.tex)
) (/opt/texlive/texdir/texmf-dist/tex/latex/csquotes/csquotes.sty
Package: csquotes 2019-12-06 v5.2j context-sensitive quotations (JAW)

(/opt/texlive/texdir/texmf-dist/tex/latex/etoolbox/etoolbox.sty
Package: etoolbox 2020/10/05 v2.5k e-TeX tools for LaTeX (JAW)
\etb@tempcnta=\count269
)
\csq@reset=\count270
\csq@gtype=\count271
\csq@glevel=\count272
\csq@qlevel=\count273
\csq@maxlvl=\count274
\csq@tshold=\count275
\csq@ltx@everypar=\toks19

(/opt/texlive/texdir/texmf-dist/tex/latex/csquotes/csquotes.def
File: csquotes.def 2019-12-06 v5.2j csquotes generic definitions (JAW)
)
Package csquotes Info: Trying to load configuration file 'csquotes.cfg'...
Package csquotes Info: ... configuration file loaded successfully.

(/opt/texlive/texdir/texmf-dist/tex/latex/csquotes/csquotes.cfg
File: csquotes.cfg 
))
(/opt/texlive/texdir/texmf-dist/tex/latex/biblatex/biblatex.sty
Package: biblatex 2020/08/23 v3.15a programmable bibliographies (PK/MW)

(/opt/texlive/texdir/texmf-dist/tex/latex/logreq/logreq.sty
Package: logreq 2010/08/04 v1.0 xml request logger
\lrq@indent=\count276

(/opt/texlive/texdir/texmf-dist/tex/latex/logreq/logreq.def
File: logreq.def 2010/08/04 v1.0 logreq spec v1.0
))
\c@tabx@nest=\count277
\c@listtotal=\count278
\c@listcount=\count279
\c@liststart=\count280
\c@liststop=\count281
\c@citecount=\count282
\c@citetotal=\count283
\c@multicitecount=\count284
\c@multicitetotal=\count285
\c@instcount=\count286
\c@maxnames=\count287
\c@minnames=\count288
\c@maxitems=\count289
\c@minitems=\count290
\c@citecounter=\count291
\c@maxcitecounter=\count292
\c@savedcitecounter=\count293
\c@uniquelist=\count294
\c@uniquename=\count295
\c@refsection=\count296
\c@refsegment=\count297
\c@maxextratitle=\count298
\c@maxextratitleyear=\count299
\c@maxextraname=\count300
\c@maxextradate=\count301
\c@maxextraalpha=\count302
\c@abbrvpenalty=\count303
\c@highnamepenalty=\count304
\c@lownamepenalty=\count305
\c@maxparens=\count306
\c@parenlevel=\count307
\blx@tempcnta=\count308
\blx@tempcntb=\count309
\blx@tempcntc=\count310
\blx@maxsection=\count311
\blx@maxsegment@0=\count312
\blx@notetype=\count313
\blx@parenlevel@text=\count314
\blx@parenlevel@foot=\count315
\blx@sectionciteorder@0=\count316
\blx@entrysetcounter=\count317
\blx@biblioinstance=\count318
\labelnumberwidth=\skip53
\labelalphawidth=\skip54
\biblabelsep=\skip55
\bibitemsep=\skip56
\bibnamesep=\skip57
\bibinitsep=\skip58
\bibparsep=\skip59
\bibhang=\skip60
\blx@bcfin=\read2
\blx@bcfout=\write3
\blx@langwohyphens=\language86
\c@mincomprange=\count319
\c@maxcomprange=\count320
\c@mincompwidth=\count321
Package biblatex Info: Trying to load biblatex default data model...
Package biblatex Info: ... file 'blx-dm.def' found.

(/opt/texlive/texdir/texmf-dist/tex/latex/biblatex/blx-dm.def
File: blx-dm.def 2020/08/23 v3.15a biblatex localization (PK/MW)
)
Package biblatex Info: Trying to load biblatex style data model...
Package biblatex Info: ... file 'publist.dbx' not found.
Package biblatex Info: Trying to load biblatex custom data model...
Package biblatex Info: ... file 'biblatex-dm.cfg' not found.
\c@afterword=\count322
\c@savedafterword=\count323
\c@annotator=\count324
\c@savedannotator=\count325
\c@author=\count326
\c@savedauthor=\count327
\c@bookauthor=\count328
\c@savedbookauthor=\count329
\c@commentator=\count330
\c@savedcommentator=\count331
\c@editor=\count332
\c@savededitor=\count333
\c@editora=\count334
\c@savededitora=\count335
\c@editorb=\count336
\c@savededitorb=\count337
\c@editorc=\count338
\c@savededitorc=\count339
\c@foreword=\count340
\c@savedforeword=\count341
\c@holder=\count342
\c@savedholder=\count343
\c@introduction=\count344
\c@savedintroduction=\count345
\c@namea=\count346
\c@savednamea=\count347
\c@nameb=\count348
\c@savednameb=\count349
\c@namec=\count350
\c@savednamec=\count351
\c@translator=\count352
\c@savedtranslator=\count353
\c@shortauthor=\count354
\c@savedshortauthor=\count355
\c@shorteditor=\count356
\c@savedshorteditor=\count357
\c@labelname=\count358
\c@savedlabelname=\count359
\c@institution=\count360
\c@savedinstitution=\count361
\c@lista=\count362
\c@savedlista=\count363
\c@listb=\count364
\c@savedlistb=\count365
\c@listc=\count366
\c@savedlistc=\count367
\c@listd=\count368
\c@savedlistd=\count369
\c@liste=\count370
\c@savedliste=\count371
\c@listf=\count372
\c@savedlistf=\count373
\c@location=\count374
\c@savedlocation=\count375
\c@organization=\count376
\c@savedorganization=\count377
\c@origlocation=\count378
\c@savedoriglocation=\count379
\c@origpublisher=\count380
\c@savedorigpublisher=\count381
\c@publisher=\count382
\c@savedpublisher=\count383
\c@language=\count384
\c@savedlanguage=\count385
\c@origlanguage=\count386
\c@savedoriglanguage=\count387
\c@pageref=\count388
\c@savedpageref=\count389
\shorthandwidth=\skip61
\shortjournalwidth=\skip62
\shortserieswidth=\skip63
\shorttitlewidth=\skip64
\shortauthorwidth=\skip65
\shorteditorwidth=\skip66
\locallabelnumberwidth=\skip67
\locallabelalphawidth=\skip68
\localshorthandwidth=\skip69
\localshortjournalwidth=\skip70
\localshortserieswidth=\skip71
\localshorttitlewidth=\skip72
\localshortauthorwidth=\skip73
\localshorteditorwidth=\skip74
Package biblatex Info: Trying to load compatibility code...
Package biblatex Info: ... file 'blx-compat.def' found.

(/opt/texlive/texdir/texmf-dist/tex/latex/biblatex/blx-compat.def
File: blx-compat.def 2020/08/23 v3.15a biblatex compatibility (PK/MW)
)
Package biblatex Info: expl3
(biblatex)             2020-12-07 L3 programming layer (loader) 
(biblatex)             is new enough (at least 2020/04/06),
(biblatex)             setting 'casechanger=expl3'.
Package biblatex Info: Trying to load expl3 case changing code...
Package biblatex Info: ... file 'blx-case-expl3.def' found.

(/opt/texlive/texdir/texmf-dist/tex/latex/biblatex/blx-case-expl3.def
File: blx-case-expl3 2020/08/23 v3.15a expl3 case changing code for biblatex
)
Package biblatex Info: Trying to load generic definitions...
Package biblatex Info: ... file 'biblatex.def' found.

(/opt/texlive/texdir/texmf-dist/tex/latex/biblatex/biblatex.def
File: biblatex.def 2020/08/23 v3.15a biblatex compatibility (PK/MW)
\c@textcitecount=\count390
\c@textcitetotal=\count391
\c@textcitemaxnames=\count392
\c@biburlbigbreakpenalty=\count393
\c@biburlbreakpenalty=\count394
\c@biburlnumpenalty=\count395
\c@biburlucpenalty=\count396
\c@biburllcpenalty=\count397
\biburlbigskip=\muskip17
\biburlnumskip=\muskip18
\biburlucskip=\muskip19
\biburllcskip=\muskip20
\c@smartand=\count398
)
Package biblatex Info: Trying to load bibliography style 'publist'...
Package biblatex Info: ... file 'publist.bbx' found.

(/opt/texlive/texdir/texmf-dist/tex/latex/biblatex-publist/publist.bbx
File: publist.bbx 2020/09/21 v.1.21 biblatex bibliography style (JSP)
Package biblatex Info: Trying to load bibliography style 'authoryear'...
Package biblatex Info: ... file 'authoryear.bbx' found.

(/opt/texlive/texdir/texmf-dist/tex/latex/biblatex/bbx/authoryear.bbx
File: authoryear.bbx 2020/08/23 v3.15a biblatex bibliography style (PK/MW)
Package biblatex Info: Trying to load bibliography style 'standard'...
Package biblatex Info: ... file 'standard.bbx' found.

(/opt/texlive/texdir/texmf-dist/tex/latex/biblatex/bbx/standard.bbx
File: standard.bbx 2020/08/23 v3.15a biblatex bibliography style (PK/MW)
\c@bbx:relatedcount=\count399
\c@bbx:relatedtotal=\count400
))
\extralabelnumberwidth=\skip75
\c@nonplauthors=\count401
\c@nonpleditors=\count402
\c@plauthor=\count403
\c@pleditor=\count404
\c@plauthors=\count405
\c@pleditors=\count406
\c@realliststop=\count407
\c@nonplauthor=\count408
\c@nonpleditor=\count409
)
Package biblatex Info: Trying to load citation style 'publist'...
Package biblatex Info: ... file 'publist.cbx' found.

(/opt/texlive/texdir/texmf-dist/tex/latex/biblatex-publist/publist.cbx
File: publist.cbx 2020/09/21 v.1.21 biblatex citation style (JSP)
Package biblatex Info: Trying to load citation style 'numeric'...
Package biblatex Info: ... file 'numeric.cbx' found.

(/opt/texlive/texdir/texmf-dist/tex/latex/biblatex/cbx/numeric.cbx
File: numeric.cbx 2020/08/23 v3.15a biblatex citation style (PK/MW)
Package biblatex Info: Redefining '\cite'.
Package biblatex Info: Redefining '\parencite'.
Package biblatex Info: Redefining '\footcite'.
Package biblatex Info: Redefining '\footcitetext'.
Package biblatex Info: Redefining '\smartcite'.
Package biblatex Info: Redefining '\supercite'.
Package biblatex Info: Redefining '\textcite'.
Package biblatex Info: Redefining '\textcites'.
Package biblatex Info: Redefining '\cites'.
Package biblatex Info: Redefining '\parencites'.
Package biblatex Info: Redefining '\smartcites'.
))
Package biblatex Info: Trying to load configuration file...
Package biblatex Info: ... file 'biblatex.cfg' found.

(/opt/texlive/texdir/texmf-dist/tex/latex/biblatex/biblatex.cfg
File: biblatex.cfg 
))
\c@prevrefsection=\count410

(/opt/texlive/texdir/texmf-dist/tex/latex/enumitem/enumitem.sty
Package: enumitem 2019/06/20 v3.9 Customized lists
\labelindent=\skip76
\enit@outerparindent=\dimen154
\enit@toks=\toks20
\enit@inbox=\box48
\enit@count@id=\count411
\enitdp@description=\count412
)
(/opt/texlive/texdir/texmf-dist/tex/latex/tools/multicol.sty
Package: multicol 2019/12/09 v1.8y multicolumn formatting (FMi)
\c@tracingmulticols=\count413
\mult@box=\box49
\multicol@leftmargin=\dimen155
\c@unbalance=\count414
\c@collectmore=\count415
\doublecol@number=\count416
\multicoltolerance=\count417
\multicolpretolerance=\count418
\full@width=\dimen156
\page@free=\dimen157
\premulticols=\dimen158
\postmulticols=\dimen159
\multicolsep=\skip77
\multicolbaselineskip=\skip78
\partial@page=\box50
\last@line=\box51
\maxbalancingoverflow=\dimen160
\mult@rightbox=\box52
\mult@grightbox=\box53
\mult@gfirstbox=\box54
\mult@firstbox=\box55
\@tempa=\box56
\@tempa=\box57
\@tempa=\box58
\@tempa=\box59
\@tempa=\box60
\@tempa=\box61
\@tempa=\box62
\@tempa=\box63
\@tempa=\box64
\@tempa=\box65
\@tempa=\box66
\@tempa=\box67
\@tempa=\box68
\@tempa=\box69
\@tempa=\box70
\@tempa=\box71
\@tempa=\box72
\@tempa=\box73
\@tempa=\box74
\@tempa=\box75
\@tempa=\box76
\@tempa=\box77
\@tempa=\box78
\@tempa=\box79
\@tempa=\box80
\@tempa=\box81
\@tempa=\box82
\@tempa=\box83
\@tempa=\box84
\@tempa=\box85
\@tempa=\box86
\@tempa=\box87
\@tempa=\box88
\@tempa=\box89
\@tempa=\box90
\@tempa=\box91
\@tempa=\box92
\c@minrows=\count419
\c@columnbadness=\count420
\c@finalcolumnbadness=\count421
\last@try=\dimen161
\multicolovershoot=\dimen162
\multicolundershoot=\dimen163
\mult@nat@firstbox=\box93
\colbreak@box=\box94
\mc@col@check@num=\count422
)
(/opt/texlive/texdir/texmf-dist/tex/latex/pgf/frontendlayer/tikz.sty
(/opt/texlive/texdir/texmf-dist/tex/latex/pgf/basiclayer/pgf.sty
(/opt/texlive/texdir/texmf-dist/tex/latex/pgf/utilities/pgfrcs.sty
(/opt/texlive/texdir/texmf-dist/tex/generic/pgf/utilities/pgfutil-common.tex
\pgfutil@everybye=\toks21
\pgfutil@tempdima=\dimen164
\pgfutil@tempdimb=\dimen165

(/opt/texlive/texdir/texmf-dist/tex/generic/pgf/utilities/pgfutil-common-lists.
tex))
(/opt/texlive/texdir/texmf-dist/tex/generic/pgf/utilities/pgfutil-latex.def
\pgfutil@abb=\box95
)
(/opt/texlive/texdir/texmf-dist/tex/generic/pgf/utilities/pgfrcs.code.tex
(/opt/texlive/texdir/texmf-dist/tex/generic/pgf/pgf.revision.tex)
Package: pgfrcs 2020/12/27 v3.1.8b (3.1.8b)
))
Package: pgf 2020/12/27 v3.1.8b (3.1.8b)

(/opt/texlive/texdir/texmf-dist/tex/latex/pgf/basiclayer/pgfcore.sty
(/opt/texlive/texdir/texmf-dist/tex/latex/graphics/graphicx.sty
Package: graphicx 2020/09/09 v1.2b Enhanced LaTeX Graphics (DPC,SPQR)

(/opt/texlive/texdir/texmf-dist/tex/latex/graphics/graphics.sty
Package: graphics 2020/08/30 v1.4c Standard LaTeX Graphics (DPC,SPQR)

(/opt/texlive/texdir/texmf-dist/tex/latex/graphics/trig.sty
Package: trig 2016/01/03 v1.10 sin cos tan (DPC)
)
(/opt/texlive/texdir/texmf-dist/tex/latex/graphics-cfg/graphics.cfg
File: graphics.cfg 2016/06/04 v1.11 sample graphics configuration
)
Package graphics Info: Driver file: pdftex.def on input line 105.

(/opt/texlive/texdir/texmf-dist/tex/latex/graphics-def/pdftex.def
File: pdftex.def 2020/10/05 v1.2a Graphics/color driver for pdftex
))
\Gin@req@height=\dimen166
\Gin@req@width=\dimen167
)
(/opt/texlive/texdir/texmf-dist/tex/latex/pgf/systemlayer/pgfsys.sty
(/opt/texlive/texdir/texmf-dist/tex/generic/pgf/systemlayer/pgfsys.code.tex
Package: pgfsys 2020/12/27 v3.1.8b (3.1.8b)

(/opt/texlive/texdir/texmf-dist/tex/generic/pgf/utilities/pgfkeys.code.tex
\pgfkeys@pathtoks=\toks22
\pgfkeys@temptoks=\toks23

(/opt/texlive/texdir/texmf-dist/tex/generic/pgf/utilities/pgfkeysfiltered.code.
tex
\pgfkeys@tmptoks=\toks24
))
\pgf@x=\dimen168
\pgf@y=\dimen169
\pgf@xa=\dimen170
\pgf@ya=\dimen171
\pgf@xb=\dimen172
\pgf@yb=\dimen173
\pgf@xc=\dimen174
\pgf@yc=\dimen175
\pgf@xd=\dimen176
\pgf@yd=\dimen177
\w@pgf@writea=\write4
\r@pgf@reada=\read3
\c@pgf@counta=\count423
\c@pgf@countb=\count424
\c@pgf@countc=\count425
\c@pgf@countd=\count426
\t@pgf@toka=\toks25
\t@pgf@tokb=\toks26
\t@pgf@tokc=\toks27
\pgf@sys@id@count=\count427
 (/opt/texlive/texdir/texmf-dist/tex/generic/pgf/systemlayer/pgf.cfg
File: pgf.cfg 2020/12/27 v3.1.8b (3.1.8b)
)
Driver file for pgf: pgfsys-pdftex.def

(/opt/texlive/texdir/texmf-dist/tex/generic/pgf/systemlayer/pgfsys-pdftex.def
File: pgfsys-pdftex.def 2020/12/27 v3.1.8b (3.1.8b)

(/opt/texlive/texdir/texmf-dist/tex/generic/pgf/systemlayer/pgfsys-common-pdf.d
ef
File: pgfsys-common-pdf.def 2020/12/27 v3.1.8b (3.1.8b)
)))
(/opt/texlive/texdir/texmf-dist/tex/generic/pgf/systemlayer/pgfsyssoftpath.code
.tex
File: pgfsyssoftpath.code.tex 2020/12/27 v3.1.8b (3.1.8b)
\pgfsyssoftpath@smallbuffer@items=\count428
\pgfsyssoftpath@bigbuffer@items=\count429
)
(/opt/texlive/texdir/texmf-dist/tex/generic/pgf/systemlayer/pgfsysprotocol.code
.tex
File: pgfsysprotocol.code.tex 2020/12/27 v3.1.8b (3.1.8b)
)) (/opt/texlive/texdir/texmf-dist/tex/latex/xcolor/xcolor.sty
Package: xcolor 2016/05/11 v2.12 LaTeX color extensions (UK)

(/opt/texlive/texdir/texmf-dist/tex/latex/graphics-cfg/color.cfg
File: color.cfg 2016/01/02 v1.6 sample color configuration
)
Package xcolor Info: Driver file: pdftex.def on input line 225.
Package xcolor Info: Model `cmy' substituted by `cmy0' on input line 1348.
Package xcolor Info: Model `hsb' substituted by `rgb' on input line 1352.
Package xcolor Info: Model `RGB' extended on input line 1364.
Package xcolor Info: Model `HTML' substituted by `rgb' on input line 1366.
Package xcolor Info: Model `Hsb' substituted by `hsb' on input line 1367.
Package xcolor Info: Model `tHsb' substituted by `hsb' on input line 1368.
Package xcolor Info: Model `HSB' substituted by `hsb' on input line 1369.
Package xcolor Info: Model `Gray' substituted by `gray' on input line 1370.
Package xcolor Info: Model `wave' substituted by `hsb' on input line 1371.
)
(/opt/texlive/texdir/texmf-dist/tex/generic/pgf/basiclayer/pgfcore.code.tex
Package: pgfcore 2020/12/27 v3.1.8b (3.1.8b)

(/opt/texlive/texdir/texmf-dist/tex/generic/pgf/math/pgfmath.code.tex
(/opt/texlive/texdir/texmf-dist/tex/generic/pgf/math/pgfmathcalc.code.tex
(/opt/texlive/texdir/texmf-dist/tex/generic/pgf/math/pgfmathutil.code.tex)
(/opt/texlive/texdir/texmf-dist/tex/generic/pgf/math/pgfmathparser.code.tex
\pgfmath@dimen=\dimen178
\pgfmath@count=\count430
\pgfmath@box=\box96
\pgfmath@toks=\toks28
\pgfmath@stack@operand=\toks29
\pgfmath@stack@operation=\toks30
)
(/opt/texlive/texdir/texmf-dist/tex/generic/pgf/math/pgfmathfunctions.code.tex
(/opt/texlive/texdir/texmf-dist/tex/generic/pgf/math/pgfmathfunctions.basic.cod
e.tex)
(/opt/texlive/texdir/texmf-dist/tex/generic/pgf/math/pgfmathfunctions.trigonome
tric.code.tex)
(/opt/texlive/texdir/texmf-dist/tex/generic/pgf/math/pgfmathfunctions.random.co
de.tex)
(/opt/texlive/texdir/texmf-dist/tex/generic/pgf/math/pgfmathfunctions.compariso
n.code.tex)
(/opt/texlive/texdir/texmf-dist/tex/generic/pgf/math/pgfmathfunctions.base.code
.tex)
(/opt/texlive/texdir/texmf-dist/tex/generic/pgf/math/pgfmathfunctions.round.cod
e.tex)
(/opt/texlive/texdir/texmf-dist/tex/generic/pgf/math/pgfmathfunctions.misc.code
.tex)
(/opt/texlive/texdir/texmf-dist/tex/generic/pgf/math/pgfmathfunctions.integerar
ithmetics.code.tex)))
(/opt/texlive/texdir/texmf-dist/tex/generic/pgf/math/pgfmathfloat.code.tex
\c@pgfmathroundto@lastzeros=\count431
))
(/opt/texlive/texdir/texmf-dist/tex/generic/pgf/math/pgfint.code.tex)
(/opt/texlive/texdir/texmf-dist/tex/generic/pgf/basiclayer/pgfcorepoints.code.t
ex
File: pgfcorepoints.code.tex 2020/12/27 v3.1.8b (3.1.8b)
\pgf@picminx=\dimen179
\pgf@picmaxx=\dimen180
\pgf@picminy=\dimen181
\pgf@picmaxy=\dimen182
\pgf@pathminx=\dimen183
\pgf@pathmaxx=\dimen184
\pgf@pathminy=\dimen185
\pgf@pathmaxy=\dimen186
\pgf@xx=\dimen187
\pgf@xy=\dimen188
\pgf@yx=\dimen189
\pgf@yy=\dimen190
\pgf@zx=\dimen191
\pgf@zy=\dimen192
)
(/opt/texlive/texdir/texmf-dist/tex/generic/pgf/basiclayer/pgfcorepathconstruct
.code.tex
File: pgfcorepathconstruct.code.tex 2020/12/27 v3.1.8b (3.1.8b)
\pgf@path@lastx=\dimen193
\pgf@path@lasty=\dimen194
)
(/opt/texlive/texdir/texmf-dist/tex/generic/pgf/basiclayer/pgfcorepathusage.cod
e.tex
File: pgfcorepathusage.code.tex 2020/12/27 v3.1.8b (3.1.8b)
\pgf@shorten@end@additional=\dimen195
\pgf@shorten@start@additional=\dimen196
)
(/opt/texlive/texdir/texmf-dist/tex/generic/pgf/basiclayer/pgfcorescopes.code.t
ex
File: pgfcorescopes.code.tex 2020/12/27 v3.1.8b (3.1.8b)
\pgfpic=\box97
\pgf@hbox=\box98
\pgf@layerbox@main=\box99
\pgf@picture@serial@count=\count432
)
(/opt/texlive/texdir/texmf-dist/tex/generic/pgf/basiclayer/pgfcoregraphicstate.
code.tex
File: pgfcoregraphicstate.code.tex 2020/12/27 v3.1.8b (3.1.8b)
\pgflinewidth=\dimen197
)
(/opt/texlive/texdir/texmf-dist/tex/generic/pgf/basiclayer/pgfcoretransformatio
ns.code.tex
File: pgfcoretransformations.code.tex 2020/12/27 v3.1.8b (3.1.8b)
\pgf@pt@x=\dimen198
\pgf@pt@y=\dimen199
\pgf@pt@temp=\dimen256
)
(/opt/texlive/texdir/texmf-dist/tex/generic/pgf/basiclayer/pgfcorequick.code.te
x
File: pgfcorequick.code.tex 2020/12/27 v3.1.8b (3.1.8b)
)
(/opt/texlive/texdir/texmf-dist/tex/generic/pgf/basiclayer/pgfcoreobjects.code.
tex
File: pgfcoreobjects.code.tex 2020/12/27 v3.1.8b (3.1.8b)
)
(/opt/texlive/texdir/texmf-dist/tex/generic/pgf/basiclayer/pgfcorepathprocessin
g.code.tex
File: pgfcorepathprocessing.code.tex 2020/12/27 v3.1.8b (3.1.8b)
)
(/opt/texlive/texdir/texmf-dist/tex/generic/pgf/basiclayer/pgfcorearrows.code.t
ex
File: pgfcorearrows.code.tex 2020/12/27 v3.1.8b (3.1.8b)
\pgfarrowsep=\dimen257
)
(/opt/texlive/texdir/texmf-dist/tex/generic/pgf/basiclayer/pgfcoreshade.code.te
x
File: pgfcoreshade.code.tex 2020/12/27 v3.1.8b (3.1.8b)
\pgf@max=\dimen258
\pgf@sys@shading@range@num=\count433
\pgf@shadingcount=\count434
)
(/opt/texlive/texdir/texmf-dist/tex/generic/pgf/basiclayer/pgfcoreimage.code.te
x
File: pgfcoreimage.code.tex 2020/12/27 v3.1.8b (3.1.8b)

(/opt/texlive/texdir/texmf-dist/tex/generic/pgf/basiclayer/pgfcoreexternal.code
.tex
File: pgfcoreexternal.code.tex 2020/12/27 v3.1.8b (3.1.8b)
\pgfexternal@startupbox=\box100
))
(/opt/texlive/texdir/texmf-dist/tex/generic/pgf/basiclayer/pgfcorelayers.code.t
ex
File: pgfcorelayers.code.tex 2020/12/27 v3.1.8b (3.1.8b)
)
(/opt/texlive/texdir/texmf-dist/tex/generic/pgf/basiclayer/pgfcoretransparency.
code.tex
File: pgfcoretransparency.code.tex 2020/12/27 v3.1.8b (3.1.8b)
)
(/opt/texlive/texdir/texmf-dist/tex/generic/pgf/basiclayer/pgfcorepatterns.code
.tex
File: pgfcorepatterns.code.tex 2020/12/27 v3.1.8b (3.1.8b)
)
(/opt/texlive/texdir/texmf-dist/tex/generic/pgf/basiclayer/pgfcorerdf.code.tex
File: pgfcorerdf.code.tex 2020/12/27 v3.1.8b (3.1.8b)
)))
(/opt/texlive/texdir/texmf-dist/tex/generic/pgf/modules/pgfmoduleshapes.code.te
x
File: pgfmoduleshapes.code.tex 2020/12/27 v3.1.8b (3.1.8b)
\pgfnodeparttextbox=\box101
)
(/opt/texlive/texdir/texmf-dist/tex/generic/pgf/modules/pgfmoduleplot.code.tex
File: pgfmoduleplot.code.tex 2020/12/27 v3.1.8b (3.1.8b)
)
(/opt/texlive/texdir/texmf-dist/tex/latex/pgf/compatibility/pgfcomp-version-0-6
5.sty
Package: pgfcomp-version-0-65 2020/12/27 v3.1.8b (3.1.8b)
\pgf@nodesepstart=\dimen259
\pgf@nodesepend=\dimen260
)
(/opt/texlive/texdir/texmf-dist/tex/latex/pgf/compatibility/pgfcomp-version-1-1
8.sty
Package: pgfcomp-version-1-18 2020/12/27 v3.1.8b (3.1.8b)
)) (/opt/texlive/texdir/texmf-dist/tex/latex/pgf/utilities/pgffor.sty
(/opt/texlive/texdir/texmf-dist/tex/latex/pgf/utilities/pgfkeys.sty
(/opt/texlive/texdir/texmf-dist/tex/generic/pgf/utilities/pgfkeys.code.tex))
(/opt/texlive/texdir/texmf-dist/tex/latex/pgf/math/pgfmath.sty
(/opt/texlive/texdir/texmf-dist/tex/generic/pgf/math/pgfmath.code.tex))
(/opt/texlive/texdir/texmf-dist/tex/generic/pgf/utilities/pgffor.code.tex
Package: pgffor 2020/12/27 v3.1.8b (3.1.8b)

(/opt/texlive/texdir/texmf-dist/tex/generic/pgf/math/pgfmath.code.tex)
\pgffor@iter=\dimen261
\pgffor@skip=\dimen262
\pgffor@stack=\toks31
\pgffor@toks=\toks32
))
(/opt/texlive/texdir/texmf-dist/tex/generic/pgf/frontendlayer/tikz/tikz.code.te
x
Package: tikz 2020/12/27 v3.1.8b (3.1.8b)

(/opt/texlive/texdir/texmf-dist/tex/generic/pgf/libraries/pgflibraryplothandler
s.code.tex
File: pgflibraryplothandlers.code.tex 2020/12/27 v3.1.8b (3.1.8b)
\pgf@plot@mark@count=\count435
\pgfplotmarksize=\dimen263
)
\tikz@lastx=\dimen264
\tikz@lasty=\dimen265
\tikz@lastxsaved=\dimen266
\tikz@lastysaved=\dimen267
\tikz@lastmovetox=\dimen268
\tikz@lastmovetoy=\dimen269
\tikzleveldistance=\dimen270
\tikzsiblingdistance=\dimen271
\tikz@figbox=\box102
\tikz@figbox@bg=\box103
\tikz@tempbox=\box104
\tikz@tempbox@bg=\box105
\tikztreelevel=\count436
\tikznumberofchildren=\count437
\tikznumberofcurrentchild=\count438
\tikz@fig@count=\count439

(/opt/texlive/texdir/texmf-dist/tex/generic/pgf/modules/pgfmodulematrix.code.te
x
File: pgfmodulematrix.code.tex 2020/12/27 v3.1.8b (3.1.8b)
\pgfmatrixcurrentrow=\count440
\pgfmatrixcurrentcolumn=\count441
\pgf@matrix@numberofcolumns=\count442
)
\tikz@expandcount=\count443

(/opt/texlive/texdir/texmf-dist/tex/generic/pgf/frontendlayer/tikz/libraries/ti
kzlibrarytopaths.code.tex
File: tikzlibrarytopaths.code.tex 2020/12/27 v3.1.8b (3.1.8b)
)))
Package csquotes Info: Checking for multilingual support...
Package csquotes Info: ... none found.
 (./Frank_cv.aux)
\openout1 = `Frank_cv.aux'.

LaTeX Font Info:    Checking defaults for OML/cmm/m/it on input line 78.
LaTeX Font Info:    ... okay on input line 78.
LaTeX Font Info:    Checking defaults for OMS/cmsy/m/n on input line 78.
LaTeX Font Info:    ... okay on input line 78.
LaTeX Font Info:    Checking defaults for OT1/cmr/m/n on input line 78.
LaTeX Font Info:    ... okay on input line 78.
LaTeX Font Info:    Checking defaults for T1/cmr/m/n on input line 78.
LaTeX Font Info:    ... okay on input line 78.
LaTeX Font Info:    Checking defaults for TS1/cmr/m/n on input line 78.
LaTeX Font Info:    ... okay on input line 78.
LaTeX Font Info:    Checking defaults for OMX/cmex/m/n on input line 78.
LaTeX Font Info:    ... okay on input line 78.
LaTeX Font Info:    Checking defaults for U/cmr/m/n on input line 78.
LaTeX Font Info:    ... okay on input line 78.
LaTeX Font Info:    Checking defaults for PD1/pdf/m/n on input line 78.
LaTeX Font Info:    ... okay on input line 78.

*geometry* driver: auto-detecting
*geometry* detected driver: pdftex
*geometry* verbose mode - [ preamble ] result:
* driver: pdftex
* paper: a4paper
* layout: <same size as paper>
* layoutoffset:(h,v)=(0.0pt,0.0pt)
* modes: 
* h-part:(L,W,R)=(22.76228pt, 551.9833pt, 22.76228pt)
* v-part:(T,H,B)=(21.33955pt, 809.48093pt, 14.22636pt)
* \paperwidth=597.50787pt
* \paperheight=845.04684pt
* \textwidth=551.9833pt
* \textheight=809.48093pt
* \oddsidemargin=-49.5077pt
* \evensidemargin=-49.5077pt
* \topmargin=-87.93044pt
* \headheight=12.0pt
* \headsep=25.0pt
* \topskip=9.0pt
* \footskip=30.0pt
* \marginparwidth=74.0pt
* \marginparsep=10.0pt
* \columnsep=22.76228pt
* \skip\footins=7.0pt plus 4.0pt minus 2.0pt
* \hoffset=0.0pt
* \voffset=0.0pt
* \mag=1000
* \@twocolumnfalse
* \@twosidefalse
* \@mparswitchfalse
* \@reversemarginfalse
* (1in=72.27pt=25.4mm, 1cm=28.453pt)

\c@mv@tabular=\count444
\c@mv@boldtabular=\count445
Package hyperref Info: Link coloring OFF on input line 78.
(/opt/texlive/texdir/texmf-dist/tex/latex/hyperref/nameref.sty
Package: nameref 2019/09/16 v2.46 Cross-referencing by name of section

(/opt/texlive/texdir/texmf-dist/tex/latex/refcount/refcount.sty
Package: refcount 2019/12/15 v3.6 Data extraction from label references (HO)
)
(/opt/texlive/texdir/texmf-dist/tex/generic/gettitlestring/gettitlestring.sty
Package: gettitlestring 2019/12/15 v1.6 Cleanup title references (HO)
)
\c@section@level=\count446
)
LaTeX Info: Redefining \ref on input line 78.
LaTeX Info: Redefining \pageref on input line 78.
LaTeX Info: Redefining \nameref on input line 78.
(./Frank_cv.out) (./Frank_cv.out)
\@outlinefile=\write5
\openout5 = `Frank_cv.out'.

Package biblatex Info: Trying to load language 'english'...
Package biblatex Info: ... file 'english.lbx' found.

(/opt/texlive/texdir/texmf-dist/tex/latex/biblatex/lbx/english.lbx
File: english.lbx 2020/08/23 v3.15a biblatex localization (PK/MW)
)
Package biblatex Info: Input encoding 'utf8' detected.
Package biblatex Info: Automatic encoding selection.
(biblatex)             Assuming data encoding 'utf8'.
\openout3 = `Frank_cv.bcf'.

Package biblatex Info: Trying to load bibliographic data...
Package biblatex Info: ... file 'Frank_cv.bbl' found.

(./Frank_cv.bbl)
Package biblatex Info: Reference section=0 on input line 78.
Package biblatex Info: Reference segment=0 on input line 78.

(/opt/texlive/texdir/texmf-dist/tex/context/base/mkii/supp-pdf.mkii
[Loading MPS to PDF converter (version 2006.09.02).]
\scratchcounter=\count447
\scratchdimen=\dimen272
\scratchbox=\box106
\nofMPsegments=\count448
\nofMParguments=\count449
\everyMPshowfont=\toks33
\MPscratchCnt=\count450
\MPscratchDim=\dimen273
\MPnumerator=\count451
\makeMPintoPDFobject=\count452
\everyMPtoPDFconversion=\toks34
) (/opt/texlive/texdir/texmf-dist/tex/latex/epstopdf-pkg/epstopdf-base.sty
Package: epstopdf-base 2020-01-24 v2.11 Base part for package epstopdf
Package epstopdf-base Info: Redefining graphics rule for `.eps' on input line 4
85.

(/opt/texlive/texdir/texmf-dist/tex/latex/latexconfig/epstopdf-sys.cfg
File: epstopdf-sys.cfg 2010/07/13 v1.3 Configuration of (r)epstopdf for TeX Liv
e
))
LaTeX Font Info:    Font shape `T1/FiraSans-OsF/m/n' in size <17.28> not availa
ble
(Font)              Font shape `T1/FiraSans-OsF/regular/n' tried instead on inp
ut line 81.
LaTeX Font Info:    Font shape `T1/FiraSans-OsF/regular/n' will be
(Font)              scaled to size 17.28pt on input line 81.

Underfull \hbox (badness 10000) in paragraph at lines 81--82

 []

LaTeX Font Info:    Font shape `T1/FiraSans-OsF/m/n' in size <12> not available

(Font)              Font shape `T1/FiraSans-OsF/regular/n' tried instead on inp
ut line 86.
LaTeX Font Info:    Font shape `T1/FiraSans-OsF/regular/n' will be
(Font)              scaled to size 12.0pt on input line 86.
LaTeX Font Info:    Trying to load font information for U+fontawesometwo on inp
ut line 86.
(/opt/texlive/texdir/texmf-dist/tex/latex/fontawesome/ufontawesometwo.fd
File: ufontawesometwo.fd 2016/05/22 Font definitions for U/fontawesometwo.
)
LaTeX Font Info:    External font `cmex7' loaded for size
(Font)              <6> on input line 86.
LaTeX Font Info:    External font `cmex7' loaded for size
(Font)              <5> on input line 86.
LaTeX Font Info:    Font shape `T1/FiraSans-OsF/m/n' in size <10> not available

(Font)              Font shape `T1/FiraSans-OsF/regular/n' tried instead on inp
ut line 86.
LaTeX Font Info:    Font shape `T1/FiraSans-OsF/regular/n' will be
(Font)              scaled to size 10.0pt on input line 86.
LaTeX Font Info:    Trying to load font information for U+fontawesomeone on inp
ut line 88.

(/opt/texlive/texdir/texmf-dist/tex/latex/fontawesome/ufontawesomeone.fd
File: ufontawesomeone.fd 2016/05/22 Font definitions for U/fontawesomeone.
)
Underfull \hbox (badness 10000) in paragraph at lines 86--89

 []

LaTeX Font Info:    Trying to load font information for U+fontawesomethree on i
nput line 91.
(/opt/texlive/texdir/texmf-dist/tex/latex/fontawesome/ufontawesomethree.fd
File: ufontawesomethree.fd 2016/05/22 Font definitions for U/fontawesomethree.
)
Overfull \hbox (4.69823pt too wide) in paragraph at lines 91--94
[]$ $[]$ 
 []


Underfull \hbox (badness 10000) in paragraph at lines 91--94

 []


Overfull \hbox (2.81877pt too wide) in paragraph at lines 79--96
[][] [] []
 []


Underfull \hbox (badness 10000) in paragraph at lines 99--104

 []


Underfull \hbox (badness 10000) in paragraph at lines 99--104

 []

LaTeX Font Info:    Font shape `T1/FiraSans-OsF/b/n' in size <8> not available
(Font)              Font shape `T1/FiraSans-OsF/bold/n' tried instead on input 
line 105.
LaTeX Font Info:    Font shape `T1/FiraSans-OsF/bold/n' will be
(Font)              scaled to size 8.0pt on input line 105.
LaTeX Font Info:    Font shape `T1/FiraSans-OsF/b/n' in size <10> not available

(Font)              Font shape `T1/FiraSans-OsF/bold/n' tried instead on input 
line 105.
LaTeX Font Info:    Font shape `T1/FiraSans-OsF/bold/n' will be
(Font)              scaled to size 10.0pt on input line 105.

Underfull \hbox (badness 10000) in paragraph at lines 105--118

 []

LaTeX Font Info:    Font shape `T1/FiraSans-OsF/m/it' in size <10> not availabl
e
(Font)              Font shape `T1/FiraSans-OsF/regular/it' tried instead on in
put line 118.
LaTeX Font Info:    Font shape `T1/FiraSans-OsF/regular/it' will be
(Font)              scaled to size 10.0pt on input line 118.
LaTeX Font Info:    Font shape `T1/FiraSans-OsF/b/it' in size <10> not availabl
e
(Font)              Font shape `T1/FiraSans-OsF/bold/it' tried instead on input
 line 118.
LaTeX Font Info:    Font shape `T1/FiraSans-OsF/bold/it' will be
(Font)              scaled to size 10.0pt on input line 118.
LaTeX Font Info:    Font shape `T1/FiraSans-OsF/b/it' in size <8> not available

(Font)              Font shape `T1/FiraSans-OsF/bold/it' tried instead on input
 line 118.
LaTeX Font Info:    Font shape `T1/FiraSans-OsF/bold/it' will be
(Font)              scaled to size 8.0pt on input line 118.
LaTeX Font Info:    Font shape `T1/FiraSans-OsF/m/it' in size <8> not available

(Font)              Font shape `T1/FiraSans-OsF/regular/it' tried instead on in
put line 118.
LaTeX Font Info:    Font shape `T1/FiraSans-OsF/regular/it' will be
(Font)              scaled to size 8.0pt on input line 118.
LaTeX Font Info:    Font shape `T1/FiraSans-OsF/b/n' in size <7> not available
(Font)              Font shape `T1/FiraSans-OsF/bold/n' tried instead on input 
line 118.
LaTeX Font Info:    Font shape `T1/FiraSans-OsF/bold/n' will be
(Font)              scaled to size 7.0pt on input line 118.

LaTeX Font Warning: Font shape `U/fontawesometwo/b/n' undefined
(Font)              using `U/fontawesometwo/m/n' instead on input line 118.

LaTeX Font Info:    Trying to load font information for TS1+FiraSans-OsF on inp
ut line 118.
(/opt/texlive/texdir/texmf-dist/tex/latex/fira/TS1FiraSans-OsF.fd
File: TS1FiraSans-OsF.fd 2019/10/10 (autoinst) Font definitions for TS1/FiraSan
s-OsF.
)
LaTeX Font Info:    Font shape `TS1/FiraSans-OsF/m/n' in size <8> not available

(Font)              Font shape `TS1/FiraSans-OsF/regular/n' tried instead on in
put line 118.
LaTeX Font Info:    Font shape `TS1/FiraSans-OsF/regular/n' will be
(Font)              scaled to size 8.0pt on input line 118.

Underfull \hbox (badness 10000) in paragraph at lines 118--119

 []


Underfull \hbox (badness 10000) in paragraph at lines 132--133

 []


Underfull \hbox (badness 10000) in paragraph at lines 138--139

 []

\blx@maxsegment@1=\count453
\blx@sectionciteorder@1=\count454
Package biblatex Info: Reference section=1 on input line 141.
Package biblatex Info: Setting label 'refsection:1' on input line 141.
LaTeX Font Info:    Font shape `T1/FiraSans-OsF/m/sc' in size <8> not available

(Font)              Font shape `T1/FiraSans-OsF/regular/sc' tried instead on in
put line 144.
LaTeX Font Info:    Font shape `T1/FiraSans-OsF/regular/sc' will be
(Font)              scaled to size 8.0pt on input line 144.
LaTeX Font Info:    Trying to load font information for T1+cmtt on input line 1
44.
(/opt/texlive/texdir/texmf-dist/tex/latex/base/t1cmtt.fd
File: t1cmtt.fd 2019/12/16 v2.5j Standard LaTeX font definitions
)
Package biblatex Info: Reference section=0 on input line 146.

Underfull \hbox (badness 10000) in paragraph at lines 148--156

 []


Underfull \hbox (badness 10000) in paragraph at lines 156--157

 []


Underfull \hbox (badness 10000) in paragraph at lines 167--168

 []


Underfull \hbox (badness 10000) in paragraph at lines 170--180

 []


Underfull \hbox (badness 10000) in paragraph at lines 180--181

 []


Underfull \hbox (badness 10000) in paragraph at lines 193--193

 []


Underfull \hbox (badness 10000) in paragraph at lines 193--194

 []


Underfull \hbox (badness 10000) in paragraph at lines 204--205

 []


Underfull \hbox (badness 10000) in paragraph at lines 214--215

 []


Underfull \hbox (badness 10000) in paragraph at lines 216--225

 []


Underfull \hbox (badness 10000) in paragraph at lines 225--226

 []


Underfull \hbox (badness 10000) in paragraph at lines 235--236

 []

[1

{/opt/texlive/texdir/texmf-var/fonts/map/pdftex/updmap/pdftex.map}] [2]
(./Frank_cv.aux)
Package rerunfilecheck Info: File `Frank_cv.out' has not changed.
(rerunfilecheck)             Checksum: D41D8CD98F00B204E9800998ECF8427E;0.


LaTeX Font Warning: Some font shapes were not available, defaults substituted.

Package logreq Info: Writing requests to 'Frank_cv.run.xml'.
\openout1 = `Frank_cv.run.xml'.

 ) 
Here is how much of TeX's memory you used:
 27093 strings out of 479382
 517352 string characters out of 5871336
 1266263 words of memory out of 5000000
 43738 multiletter control sequences out of 15000+600000
 582603 words of font info for 62 fonts, out of 8000000 for 9000
 1141 hyphenation exceptions out of 8191
 108i,7n,111p,477b,1693s stack positions out of 5000i,500n,10000p,200000b,80000s
{/opt/texlive/texdir/texmf-dist/fonts/enc/dvips/cm-super/cm-super-t1.enc}{/op
t/texlive/texdir/texmf-dist/fonts/enc/dvips/fira/fir_2mfh3o.enc}{/opt/texlive/t
exdir/texmf-dist/fonts/enc/dvips/fira/fir_d67aat.enc}{/opt/texlive/texdir/texmf
-dist/fonts/enc/dvips/fira/fir_iln36p.enc}{/opt/texlive/texdir/texmf-dist/fonts
/enc/dvips/fontawesome/fontawesomethree.enc}{/opt/texlive/texdir/texmf-dist/fon
ts/enc/dvips/fontawesome/fontawesomeone.enc}{/opt/texlive/texdir/texmf-dist/fon
ts/enc/dvips/fontawesome/fontawesometwo.enc}</opt/texlive/texdir/texmf-dist/fon
ts/type1/public/fira/FiraSans-Bold.pfb></opt/texlive/texdir/texmf-dist/fonts/ty
pe1/public/fira/FiraSans-BoldItalic.pfb></opt/texlive/texdir/texmf-dist/fonts/t
ype1/public/fira/FiraSans-Italic.pfb></opt/texlive/texdir/texmf-dist/fonts/type
1/public/fira/FiraSans-Regular.pfb></opt/texlive/texdir/texmf-dist/fonts/type1/
public/fontawesome/FontAwesome.pfb></opt/texlive/texdir/texmf-dist/fonts/type1/
public/cm-super/sftt0800.pfb>
Output written on Frank_cv.pdf (2 pages, 240523 bytes).
PDF statistics:
 84 PDF objects out of 1000 (max. 8388607)
 73 compressed objects within 1 object stream
 4 named destinations out of 1000 (max. 500000)
 13 words of extra memory for PDF output out of 10000 (max. 10000000)

